<?xml version="1.0" encoding="UTF-8"?>
<!-- Generated by org.testng.reporters.JUnitReportReporter -->
<testsuite hostname="priyaranjan" failures="0" tests="1" name="test.ActitimeLoginLogout" time="21.700" errors="0" timestamp="02 May 2022 16:33:31 GMT" skipped="0">
  <testcase classname="test.ActitimeLoginLogout" name="login" time="21.700"/>
</testsuite> <!-- test.ActitimeLoginLogout -->
